<?xml version="1.0" encoding="UTF-8"?>
<testng-results skipped="0" failed="0" total="1" passed="1">
  <reporter-output>
  </reporter-output>
  <suite name="Default suite" duration-ms="3826" started-at="2020-03-24T09:07:06Z" finished-at="2020-03-24T09:07:10Z">
    <groups>
    </groups>
    <test name="Default test" duration-ms="3826" started-at="2020-03-24T09:07:06Z" finished-at="2020-03-24T09:07:10Z">
      <class name="com.qa.rest.Test01_GET">
        <test-method status="PASS" signature="test_01()[pri:0, instance:com.qa.rest.Test01_GET@721e0f4f]" name="test_01" duration-ms="3804" started-at="2020-03-24T14:37:06Z" finished-at="2020-03-24T14:37:10Z">
          <reporter-output>
          </reporter-output>
        </test-method> <!-- test_01 -->
      </class> <!-- com.qa.rest.Test01_GET -->
    </test> <!-- Default test -->
  </suite> <!-- Default suite -->
</testng-results>
